[0mGET /bikes/587485a441cce91289dbb4ca [36m304 [0m2320.439 ms - -[0m
[0mGET /css/bootstrap.css [36m304 [0m5.831 ms - -[0m
[0mGET /vendor/toastr/toastr.css [36m304 [0m5.356 ms - -[0m
[0mGET /vendor/angular-loading-bar/build/loading-bar.min.css [36m304 [0m6.276 ms - -[0m
[0mGET /css/main.css [36m304 [0m5.707 ms - -[0m
[0mGET /css/custom.css [36m304 [0m6.300 ms - -[0m
[0mGET /css/icomoon-social.css [36m304 [0m6.881 ms - -[0m
[0mGET /css/font-awesome.min.css [36m304 [0m4.792 ms - -[0m
[0mGET /vendor/jquery/dist/jquery.js [36m304 [0m1.119 ms - -[0m
[0mGET /vendor/isotope/dist/isotope.pkgd.js [36m304 [0m1.746 ms - -[0m
[0mGET /vendor/bootstrap/dist/js/bootstrap.js [36m304 [0m1.832 ms - -[0m
[0mGET /vendor/toastr/toastr.js [36m304 [0m1.435 ms - -[0m
[0mGET /vendor/angular/angular.js [36m304 [0m1.487 ms - -[0m
[0mGET /vendor/angular-bootstrap/ui-bootstrap-tpls.js [36m304 [0m4.179 ms - -[0m
[0mGET /vendor/angular-resource/angular-resource.js [36m304 [0m2.126 ms - -[0m
[0mGET /vendor/angular-route/angular-route.js [36m304 [0m1.735 ms - -[0m
[0mGET /vendor/angular-sanitize/angular-sanitize.min.js [36m304 [0m2.762 ms - -[0m
[0mGET /vendor/angular-local-storage/dist/angular-local-storage.min.js [36m304 [0m3.449 ms - -[0m
[0mGET /vendor/angular-ui-utils/unique.js [36m304 [0m7.595 ms - -[0m
[0mGET /css/site.css [32m200 [0m274.191 ms - 2962[0m
[0mGET /vendor/angular-isotope/dist/angular-isotope.js [36m304 [0m1.227 ms - -[0m
[0mGET /vendor/jquery.easing/js/jquery.easing.min.js [36m304 [0m0.778 ms - -[0m
[0mGET /vendor/angular-loading-bar/build/loading-bar.min.js [36m304 [0m1.642 ms - -[0m
[0mGET /vendor/angular-bootstrap-confirm/dist/angular-bootstrap-confirm.js [36m304 [0m5.144 ms - -[0m
[0mGET /bootstrap_utils/modernizr-2.6.2-respond-1.1.0.min.js [36m304 [0m1.433 ms - -[0m
[0mGET /css/bootstrap.css.map [36m304 [0m374.174 ms - -[0m
[0mGET /bootstrap_utils/scrolling-nav.js [36m304 [0m376.455 ms - -[0m
[0mGET /app/app.js [36m304 [0m6.435 ms - -[0m
[0mGET /app/common/NotifierService.js [36m304 [0m6.155 ms - -[0m
[0mGET /app/account/IdentityService.js [36m304 [0m6.051 ms - -[0m
[0mGET /app/account/AuthenticationService.js [36m304 [0m8.447 ms - -[0m
[0mGET /app/account/UserService.js [36m304 [0m5.930 ms - -[0m
[0mGET /vendor/angular-sanitize/angular-sanitize.min.js.map [36m304 [0m25.474 ms - -[0m
[0mGET /app/bikes/BikeService.js [36m304 [0m25.574 ms - -[0m
[0mGET /app/bikes/CachedBikesService.js [36m304 [0m25.047 ms - -[0m
[0mGET /app/compare/BikesToCompareService.js [36m304 [0m16.990 ms - -[0m
[0mGET /app/account/NavBarLoginController.js [36m304 [0m20.577 ms - -[0m
[0mGET /app/account/SignupController.js [36m304 [0m10.243 ms - -[0m
[0mGET /app/account/ProfileController.js [36m304 [0m16.975 ms - -[0m
[0mGET /app/main/HomeCarouselController.js [36m304 [0m15.751 ms - -[0m
[0mGET /app/main/HomeDrilldownController.js [36m304 [0m14.073 ms - -[0m
[0mGET /app/main/TechController.js [36m304 [0m16.519 ms - -[0m
[0mGET /app/admin/UserListController.js [36m304 [0m14.838 ms - -[0m
[0mGET /app/bikes/isotope-initialize.js [36m304 [0m20.840 ms - -[0m
[0mGET /app/bikes/BikeListController.js [36m304 [0m13.433 ms - -[0m
[0mGET /app/bikes/BikeDetailsController.js [36m304 [0m8.931 ms - -[0m
[0mGET /app/bikes/BikeThumbnailsController.js [36m304 [0m9.425 ms - -[0m
[0mGET /app/bikes/bikeDirectives.js [36m304 [0m9.335 ms - -[0m
[0mGET /app/compare/ToCompareController.js [36m304 [0m9.066 ms - -[0m
[0mGET /app/compare/CompareController.js [36m304 [0m6.545 ms - -[0m
[0mGET /app/compare/CompareService.js [36m304 [0m4.063 ms - -[0m
[0mGET /app/compare/CompareHistoryController.js [36m304 [0m2.973 ms - -[0m
[0mGET /partials/account/navbar-login [36m304 [0m72.675 ms - -[0m
[0mGET /partials/compare/to-compare [36m304 [0m102.818 ms - -[0m
[0mGET /partials/bikes/bike-details [36m304 [0m220.230 ms - -[0m
[0mGET /api/bikes [36m304 [0m265.087 ms - -[0m
[0mGET /fonts/glyphicons-halflings-regular.woff [36m304 [0m15.153 ms - -[0m
[0mGET /api/bikes/587485a441cce91289dbb4ca [36m304 [0m18.055 ms - -[0m
[0mGET /bikes/587485a441cce91289dbb4ca [36m304 [0m349.395 ms - -[0m
[0mGET /css/bootstrap.css [36m304 [0m21.209 ms - -[0m
[0mGET /vendor/toastr/toastr.css [36m304 [0m19.183 ms - -[0m
[0mGET /vendor/angular-loading-bar/build/loading-bar.min.css [36m304 [0m24.415 ms - -[0m
[0mGET /css/main.css [36m304 [0m22.931 ms - -[0m
[0mGET /css/custom.css [36m304 [0m22.470 ms - -[0m
[0mGET /css/site.css [36m304 [0m28.897 ms - -[0m
[0mGET /css/icomoon-social.css [36m304 [0m7.618 ms - -[0m
[0mGET /css/font-awesome.min.css [36m304 [0m4.456 ms - -[0m
[0mGET /vendor/jquery/dist/jquery.js [36m304 [0m1.251 ms - -[0m
[0mGET /vendor/isotope/dist/isotope.pkgd.js [36m304 [0m1.212 ms - -[0m
[0mGET /vendor/bootstrap/dist/js/bootstrap.js [36m304 [0m1.077 ms - -[0m
[0mGET /vendor/toastr/toastr.js [36m304 [0m1.074 ms - -[0m
[0mGET /vendor/angular/angular.js [36m304 [0m1.195 ms - -[0m
[0mGET /vendor/angular-bootstrap/ui-bootstrap-tpls.js [36m304 [0m1.289 ms - -[0m
[0mGET /vendor/angular-resource/angular-resource.js [36m304 [0m1.091 ms - -[0m
[0mGET /vendor/angular-route/angular-route.js [36m304 [0m1.074 ms - -[0m
[0mGET /vendor/angular-sanitize/angular-sanitize.min.js [36m304 [0m0.765 ms - -[0m
[0mGET /vendor/angular-local-storage/dist/angular-local-storage.min.js [36m304 [0m0.753 ms - -[0m
[0mGET /vendor/angular-ui-utils/unique.js [36m304 [0m1.314 ms - -[0m
[0mGET /vendor/angular-isotope/dist/angular-isotope.js [36m304 [0m1.302 ms - -[0m
[0mGET /vendor/jquery.easing/js/jquery.easing.min.js [36m304 [0m1.297 ms - -[0m
[0mGET /vendor/angular-loading-bar/build/loading-bar.min.js [36m304 [0m1.166 ms - -[0m
[0mGET /vendor/angular-bootstrap-confirm/dist/angular-bootstrap-confirm.js [36m304 [0m1.069 ms - -[0m
[0mGET /bootstrap_utils/modernizr-2.6.2-respond-1.1.0.min.js [36m304 [0m4.793 ms - -[0m
[0mGET /bootstrap_utils/scrolling-nav.js [36m304 [0m1.303 ms - -[0m
[0mGET /app/app.js [36m304 [0m1.230 ms - -[0m
[0mGET /app/common/NotifierService.js [36m304 [0m1.161 ms - -[0m
[0mGET /app/account/IdentityService.js [36m304 [0m1.135 ms - -[0m
[0mGET /app/account/AuthenticationService.js [36m304 [0m1.241 ms - -[0m
[0mGET /app/account/UserService.js [36m304 [0m1.158 ms - -[0m
[0mGET /app/bikes/BikeService.js [36m304 [0m1.143 ms - -[0m
[0mGET /app/bikes/CachedBikesService.js [36m304 [0m1.855 ms - -[0m
[0mGET /app/compare/BikesToCompareService.js [36m304 [0m2.519 ms - -[0m
[0mGET /app/account/NavBarLoginController.js [36m304 [0m1.708 ms - -[0m
[0mGET /app/account/SignupController.js [36m304 [0m5.780 ms - -[0m
[0mGET /app/account/ProfileController.js [36m304 [0m5.267 ms - -[0m
[0mGET /app/main/HomeCarouselController.js [36m304 [0m5.010 ms - -[0m
[0mGET /app/main/HomeDrilldownController.js [36m304 [0m4.695 ms - -[0m
[0mGET /app/main/TechController.js [36m304 [0m5.546 ms - -[0m
[0mGET /app/admin/UserListController.js [36m304 [0m3.526 ms - -[0m
[0mGET /app/bikes/isotope-initialize.js [36m304 [0m5.097 ms - -[0m
[0mGET /app/bikes/BikeListController.js [36m304 [0m7.367 ms - -[0m
[0mGET /app/bikes/BikeDetailsController.js [36m304 [0m6.213 ms - -[0m
[0mGET /app/bikes/BikeThumbnailsController.js [36m304 [0m4.371 ms - -[0m
[0mGET /app/bikes/bikeDirectives.js [36m304 [0m7.174 ms - -[0m
[0mGET /app/compare/ToCompareController.js [36m304 [0m5.968 ms - -[0m
[0mGET /app/compare/CompareController.js [36m304 [0m5.712 ms - -[0m
[0mGET /app/compare/CompareService.js [36m304 [0m4.679 ms - -[0m
[0mGET /app/compare/CompareHistoryController.js [36m304 [0m3.763 ms - -[0m
[0mGET /css/bootstrap.css.map [36m304 [0m355.451 ms - -[0m
[0mGET /vendor/angular-sanitize/angular-sanitize.min.js.map [36m304 [0m4.901 ms - -[0m
[0mGET /partials/account/navbar-login [36m304 [0m80.307 ms - -[0m
[0mGET /partials/compare/to-compare [36m304 [0m43.222 ms - -[0m
[0mGET /partials/bikes/bike-details [36m304 [0m165.870 ms - -[0m
[0mGET /api/bikes [36m304 [0m255.549 ms - -[0m
[0mGET /fonts/glyphicons-halflings-regular.woff [36m304 [0m19.895 ms - -[0m
[0mGET /api/bikes/587485a441cce91289dbb4ca [36m304 [0m24.237 ms - -[0m
[0mGET /api/csp/report [33m404 [0m23.158 ms - 9[0m
[0mGET / [36m304 [0m818.774 ms - -[0m
[0mGET / [32m200 [0m238.390 ms - 5518[0m
[0mGET /css/bootstrap.css [36m304 [0m7.438 ms - -[0m
[0mGET /vendor/toastr/toastr.css [36m304 [0m17.785 ms - -[0m
[0mGET /vendor/angular-loading-bar/build/loading-bar.min.css [36m304 [0m17.478 ms - -[0m
[0mGET /css/main.css [36m304 [0m14.158 ms - -[0m
[0mGET /css/custom.css [36m304 [0m215.978 ms - -[0m
[0mGET /css/icomoon-social.css [36m304 [0m215.320 ms - -[0m
[0mGET /css/font-awesome.min.css [36m304 [0m209.208 ms - -[0m
[0mGET /vendor/jquery/dist/jquery.js [36m304 [0m7.770 ms - -[0m
[0mGET /vendor/isotope/dist/isotope.pkgd.js [36m304 [0m2.954 ms - -[0m
[0mGET /css/site.css [32m200 [0m241.855 ms - 2962[0m
[0mGET /vendor/bootstrap/dist/js/bootstrap.js [36m304 [0m4.420 ms - -[0m
[0mGET /vendor/toastr/toastr.js [36m304 [0m2.061 ms - -[0m
[0mGET /vendor/angular/angular.js [36m304 [0m1.333 ms - -[0m
[0mGET /vendor/angular-bootstrap/ui-bootstrap-tpls.js [36m304 [0m1.042 ms - -[0m
[0mGET /vendor/angular-resource/angular-resource.js [36m304 [0m1.210 ms - -[0m
[0mGET /vendor/angular-route/angular-route.js [36m304 [0m3.467 ms - -[0m
[0mGET /css/bootstrap.css.map [36m304 [0m400.993 ms - -[0m
[0mGET /vendor/angular-sanitize/angular-sanitize.min.js [36m304 [0m405.479 ms - -[0m
[0mGET /vendor/angular-local-storage/dist/angular-local-storage.min.js [36m304 [0m12.226 ms - -[0m
[0mGET /vendor/angular-ui-utils/unique.js [36m304 [0m13.462 ms - -[0m
[0mGET /vendor/angular-isotope/dist/angular-isotope.js [36m304 [0m13.114 ms - -[0m
[0mGET /vendor/jquery.easing/js/jquery.easing.min.js [36m304 [0m12.880 ms - -[0m
[0mGET /vendor/angular-loading-bar/build/loading-bar.min.js [36m304 [0m9.679 ms - -[0m
[0mGET /vendor/angular-bootstrap-confirm/dist/angular-bootstrap-confirm.js [36m304 [0m10.610 ms - -[0m
[0mGET /bootstrap_utils/modernizr-2.6.2-respond-1.1.0.min.js [36m304 [0m11.493 ms - -[0m
[0mGET /vendor/angular-sanitize/angular-sanitize.min.js.map [36m304 [0m9.557 ms - -[0m
[0mGET /bootstrap_utils/scrolling-nav.js [36m304 [0m8.363 ms - -[0m
[0mGET /app/app.js [36m304 [0m7.645 ms - -[0m
[0mGET /app/common/NotifierService.js [36m304 [0m7.010 ms - -[0m
[0mGET /app/account/IdentityService.js [36m304 [0m15.267 ms - -[0m
[0mGET /app/account/AuthenticationService.js [36m304 [0m17.205 ms - -[0m
[0mGET /app/account/UserService.js [36m304 [0m22.963 ms - -[0m
[0mGET /app/bikes/BikeService.js [36m304 [0m21.847 ms - -[0m
[0mGET /app/bikes/CachedBikesService.js [36m304 [0m21.343 ms - -[0m
[0mGET /app/compare/BikesToCompareService.js [36m304 [0m20.980 ms - -[0m
[0mGET /app/account/NavBarLoginController.js [36m304 [0m12.033 ms - -[0m
[0mGET /app/account/SignupController.js [36m304 [0m9.405 ms - -[0m
[0mGET /app/account/ProfileController.js [36m304 [0m8.334 ms - -[0m
[0mGET /app/main/HomeCarouselController.js [36m304 [0m13.330 ms - -[0m
[0mGET /app/main/HomeDrilldownController.js [36m304 [0m11.797 ms - -[0m
[0mGET /app/main/TechController.js [36m304 [0m10.871 ms - -[0m
[0mGET /app/admin/UserListController.js [36m304 [0m16.032 ms - -[0m
[0mGET /app/bikes/isotope-initialize.js [36m304 [0m8.059 ms - -[0m
[0mGET /app/bikes/BikeListController.js [36m304 [0m7.651 ms - -[0m
[0mGET /app/bikes/BikeThumbnailsController.js [36m304 [0m7.803 ms - -[0m
[0mGET /app/bikes/BikeDetailsController.js [36m304 [0m8.668 ms - -[0m
[0mGET /app/bikes/bikeDirectives.js [36m304 [0m5.979 ms - -[0m
[0mGET /app/compare/ToCompareController.js [36m304 [0m5.802 ms - -[0m
[0mGET /app/compare/CompareController.js [36m304 [0m4.722 ms - -[0m
[0mGET /app/compare/CompareService.js [36m304 [0m3.342 ms - -[0m
[0mGET /app/compare/CompareHistoryController.js [36m304 [0m6.012 ms - -[0m
[0mGET /partials/account/navbar-login [36m304 [0m67.382 ms - -[0m
[0mGET /partials/compare/to-compare [36m304 [0m37.572 ms - -[0m
[0mGET /partials/main/main [36m304 [0m64.400 ms - -[0m
[0mGET /api/bikes [36m304 [0m275.141 ms - -[0m
[0mGET /partials/main/home-drilldown [36m304 [0m132.592 ms - -[0m
[0mGET /partials/main/tech [36m304 [0m245.223 ms - -[0m
[0mGET /fonts/glyphicons-halflings-regular.woff [36m304 [0m245.148 ms - -[0m
[0mGET /api/getHomeDrilldown [36m304 [0m13.784 ms - -[0m
[0mGET /api/csp/report [33m404 [0m13.777 ms - 9[0m
